# JRE version: OpenJDK Runtime Environment Microsoft-10800295 (17.0.14+7) (build 17.0.14+7-LTS)
# Java VM: OpenJDK 64-Bit Server VM Microsoft-10800295 (17.0.14+7-LTS, mixed mode, sharing, tiered, compressed oops, compressed class ptrs, g1 gc, windows-amd64)
GC Precious Log:
 CPUs: 12 total, 12 available
 Memory: 6005M
 Large Page Support: Disabled
 NUMA Support: Disabled
 Compressed Oops: Enabled (32-bit)
 Heap Region Size: 1M
 Heap Min Capacity: 8M
 Heap Initial Capacity: 94M
 Heap Max Capacity: 2G
 Pre-touch: Disabled
 Parallel Workers: 10
 Concurrent Workers: 3
 Concurrent Refinement Workers: 10
 Periodic GC: Disabled
Heap:
 garbage-first heap   total 339968K, used 210247K [0x0000000080000000, 0x0000000100000000)
  region size 1024K, 97 young (99328K), 15 survivors (15360K)
 Metaspace       used 114509K, committed 115776K, reserved 557056K
  class space    used 15903K, committed 16512K, reserved 425984K
GC Heap History (20 events):
Event: 30.685 GC heap before
{Heap before GC invocations=36 (full 0):
 garbage-first heap   total 141312K, used 112604K [0x0000000080000000, 0x0000000100000000)
  region size 1024K, 44 young (45056K), 5 survivors (5120K)
 Metaspace       used 78352K, committed 79360K, reserved 557056K
  class space    used 11104K, committed 11584K, reserved 425984K
}
Event: 30.691 GC heap after
{Heap after GC invocations=37 (full 0):
 garbage-first heap   total 141312K, used 78168K [0x0000000080000000, 0x0000000100000000)
  region size 1024K, 6 young (6144K), 6 survivors (6144K)
 Metaspace       used 78352K, committed 79360K, reserved 557056K
  class space    used 11104K, committed 11584K, reserved 425984K
}
Event: 30.698 GC heap before
{Heap before GC invocations=37 (full 0):
 garbage-first heap   total 141312K, used 79192K [0x0000000080000000, 0x0000000100000000)
  region size 1024K, 7 young (7168K), 6 survivors (6144K)
 Metaspace       used 78353K, committed 79360K, reserved 557056K
  class space    used 11104K, committed 11584K, reserved 425984K
}
Event: 30.703 GC heap after
{Heap after GC invocations=38 (full 0):
 garbage-first heap   total 141312K, used 77979K [0x0000000080000000, 0x0000000100000000)
  region size 1024K, 1 young (1024K), 1 survivors (1024K)
 Metaspace       used 78353K, committed 79360K, reserved 557056K
  class space    used 11104K, committed 11584K, reserved 425984K
}
Event: 30.923 GC heap before
{Heap before GC invocations=38 (full 0):
 garbage-first heap   total 141312K, used 112795K [0x0000000080000000, 0x0000000100000000)
  region size 1024K, 36 young (36864K), 1 survivors (1024K)
 Metaspace       used 78483K, committed 79552K, reserved 557056K
  class space    used 11105K, committed 11584K, reserved 425984K
}
Event: 30.926 GC heap after
{Heap after GC invocations=39 (full 0):
 garbage-first heap   total 141312K, used 80374K [0x0000000080000000, 0x0000000100000000)
  region size 1024K, 4 young (4096K), 4 survivors (4096K)
 Metaspace       used 78483K, committed 79552K, reserved 557056K
  class space    used 11105K, committed 11584K, reserved 425984K
}
Event: 31.120 GC heap before
{Heap before GC invocations=40 (full 0):
 garbage-first heap   total 153600K, used 113142K [0x0000000080000000, 0x0000000100000000)
  region size 1024K, 37 young (37888K), 4 survivors (4096K)
 Metaspace       used 78492K, committed 79552K, reserved 557056K
  class space    used 11105K, committed 11584K, reserved 425984K
}
Event: 31.124 GC heap after
{Heap after GC invocations=41 (full 0):
 garbage-first heap   total 153600K, used 81501K [0x0000000080000000, 0x0000000100000000)
  region size 1024K, 3 young (3072K), 3 survivors (3072K)
 Metaspace       used 78492K, committed 79552K, reserved 557056K
  class space    used 11105K, committed 11584K, reserved 425984K
}
Event: 31.144 GC heap before
{Heap before GC invocations=41 (full 0):
 garbage-first heap   total 153600K, used 84573K [0x0000000080000000, 0x0000000100000000)
  region size 1024K, 7 young (7168K), 3 survivors (3072K)
 Metaspace       used 78496K, committed 79552K, reserved 557056K
  class space    used 11105K, committed 11584K, reserved 425984K
}
Event: 31.147 GC heap after
{Heap after GC invocations=42 (full 0):
 garbage-first heap   total 153600K, used 80324K [0x0000000080000000, 0x0000000100000000)
  region size 1024K, 1 young (1024K), 1 survivors (1024K)
 Metaspace       used 78496K, committed 79552K, reserved 557056K
  class space    used 11105K, committed 11584K, reserved 425984K
}
Event: 31.642 GC heap before
{Heap before GC invocations=42 (full 0):
 garbage-first heap   total 153600K, used 128452K [0x0000000080000000, 0x0000000100000000)
  region size 1024K, 44 young (45056K), 1 survivors (1024K)
 Metaspace       used 78535K, committed 79552K, reserved 557056K
  class space    used 11108K, committed 11584K, reserved 425984K
}
Event: 31.647 GC heap after
{Heap after GC invocations=43 (full 0):
 garbage-first heap   total 339968K, used 91761K [0x0000000080000000, 0x0000000100000000)
  region size 1024K, 6 young (6144K), 6 survivors (6144K)
 Metaspace       used 78535K, committed 79552K, reserved 557056K
  class space    used 11108K, committed 11584K, reserved 425984K
}
Event: 32.972 GC heap before
{Heap before GC invocations=43 (full 0):
 garbage-first heap   total 339968K, used 254577K [0x0000000080000000, 0x0000000100000000)
  region size 1024K, 166 young (169984K), 6 survivors (6144K)
 Metaspace       used 83065K, committed 84096K, reserved 557056K
  class space    used 11814K, committed 12352K, reserved 425984K
}
Event: 32.981 GC heap after
{Heap after GC invocations=44 (full 0):
 garbage-first heap   total 339968K, used 96727K [0x0000000080000000, 0x0000000100000000)
  region size 1024K, 11 young (11264K), 11 survivors (11264K)
 Metaspace       used 83065K, committed 84096K, reserved 557056K
  class space    used 11814K, committed 12352K, reserved 425984K
}
Event: 35.619 GC heap before
{Heap before GC invocations=44 (full 0):
 garbage-first heap   total 339968K, used 275927K [0x0000000080000000, 0x0000000100000000)
  region size 1024K, 180 young (184320K), 11 survivors (11264K)
 Metaspace       used 94625K, committed 95744K, reserved 557056K
  class space    used 13124K, committed 13696K, reserved 425984K
}
Event: 35.630 GC heap after
{Heap after GC invocations=45 (full 0):
 garbage-first heap   total 339968K, used 109565K [0x0000000080000000, 0x0000000100000000)
  region size 1024K, 21 young (21504K), 21 survivors (21504K)
 Metaspace       used 94625K, committed 95744K, reserved 557056K
  class space    used 13124K, committed 13696K, reserved 425984K
}
Event: 37.788 GC heap before
{Heap before GC invocations=45 (full 0):
 garbage-first heap   total 339968K, used 275453K [0x0000000080000000, 0x0000000100000000)
  region size 1024K, 180 young (184320K), 21 survivors (21504K)
 Metaspace       used 104025K, committed 105280K, reserved 557056K
  class space    used 14373K, committed 14976K, reserved 425984K
}
Event: 37.801 GC heap after
{Heap after GC invocations=46 (full 0):
 garbage-first heap   total 339968K, used 121781K [0x0000000080000000, 0x0000000100000000)
  region size 1024K, 20 young (20480K), 20 survivors (20480K)
 Metaspace       used 104025K, committed 105280K, reserved 557056K
  class space    used 14373K, committed 14976K, reserved 425984K
}
Event: 39.737 GC heap before
{Heap before GC invocations=46 (full 0):
 garbage-first heap   total 339968K, used 275381K [0x0000000080000000, 0x0000000100000000)
  region size 1024K, 170 young (174080K), 20 survivors (20480K)
 Metaspace       used 113384K, committed 114624K, reserved 557056K
  class space    used 15770K, committed 16384K, reserved 425984K
}
Event: 39.748 GC heap after
{Heap after GC invocations=47 (full 0):
 garbage-first heap   total 339968K, used 127303K [0x0000000080000000, 0x0000000100000000)
  region size 1024K, 15 young (15360K), 15 survivors (15360K)
 Metaspace       used 113384K, committed 114624K, reserved 557056K
  class space    used 15770K, committed 16384K, reserved 425984K
}

